<?xml version="1.0" encoding="UTF-8"?>
<testsuite name="com.optivem.atddaccelerator.template.systemtest.smoketests.UiSmokeTest" tests="1" skipped="0" failures="0" errors="0" timestamp="2025-10-22T13:02:43.108Z" hostname="VALENTINA_DESK" time="0.557">
  <properties/>
  <testcase name="home_shouldReturnHtmlContent()" classname="com.optivem.atddaccelerator.template.systemtest.smoketests.UiSmokeTest" time="0.557"/>
  <system-out><![CDATA[]]></system-out>
  <system-err><![CDATA[]]></system-err>
</testsuite>
