<?xml version="1.0" encoding="UTF-8"?>
<testsuite name="com.optivem.atddaccelerator.template.systemtest.e2etests.ApiE2eTest" tests="1" skipped="0" failures="0" errors="0" timestamp="2025-10-22T13:02:35.564Z" hostname="VALENTINA_DESK" time="0.599">
  <properties/>
  <testcase name="getTodos_shouldReturnTodoWithExpectedFormat()" classname="com.optivem.atddaccelerator.template.systemtest.e2etests.ApiE2eTest" time="0.599"/>
  <system-out><![CDATA[]]></system-out>
  <system-err><![CDATA[]]></system-err>
</testsuite>
