<?xml version="1.0" encoding="UTF-8"?>
<testsuite name="com.optivem.atddaccelerator.template.systemtest.smoketests.ApiSmokeTest" tests="1" skipped="0" failures="0" errors="0" timestamp="2025-10-22T13:02:43.100Z" hostname="VALENTINA_DESK" time="0.007">
  <properties/>
  <testcase name="echo_shouldReturn200OK()" classname="com.optivem.atddaccelerator.template.systemtest.smoketests.ApiSmokeTest" time="0.007"/>
  <system-out><![CDATA[]]></system-out>
  <system-err><![CDATA[]]></system-err>
</testsuite>
