<?xml version="1.0" encoding="UTF-8"?>
<testsuite name="com.optivem.atddaccelerator.template.systemtest.e2etests.UiE2eTest" tests="1" skipped="0" failures="0" errors="0" timestamp="2025-10-22T13:02:36.166Z" hostname="VALENTINA_DESK" time="6.932">
  <properties/>
  <testcase name="fetchTodo_shouldDisplayTodoDataInUI()" classname="com.optivem.atddaccelerator.template.systemtest.e2etests.UiE2eTest" time="6.932"/>
  <system-out><![CDATA[Actual result text: 
                    Todo Details:
                    User ID: 1
                    ID: 4
                    Title: et porro tempora
                    Completed: Yes
                
]]></system-out>
  <system-err><![CDATA[]]></system-err>
</testsuite>
