<?xml version="1.0" encoding="UTF-8"?>
<testsuite name="com.optivem.atddaccelerator.template.monolith.MonolithApplicationTests" tests="1" skipped="0" failures="0" errors="0" timestamp="2025-10-23T12:23:49.243Z" hostname="VALENTINA_DESK" time="0.628">
  <properties/>
  <testcase name="contextLoads()" classname="com.optivem.atddaccelerator.template.monolith.MonolithApplicationTests" time="0.628"/>
  <system-out><![CDATA[14:23:47.789 [Test worker] INFO org.springframework.test.context.support.AnnotationConfigContextLoaderUtils -- Could not detect default configuration classes for test class [com.optivem.atddaccelerator.template.monolith.MonolithApplicationTests]: MonolithApplicationTests does not declare any static, non-private, non-final, nested classes annotated with @Configuration.
14:23:47.903 [Test worker] INFO org.springframework.boot.test.context.SpringBootTestContextBootstrapper -- Found @SpringBootConfiguration com.optivem.atddaccelerator.template.monolith.MonolithApplication for test class com.optivem.atddaccelerator.template.monolith.MonolithApplicationTests

  .   ____          _            __ _ _
 /\\ / ___'_ __ _ _(_)_ __  __ _ \ \ \ \
( ( )\___ | '_ | '_| | '_ \/ _` | \ \ \ \
 \\/  ___)| |_)| | | | | || (_| |  ) ) ) )
  '  |____| .__|_| |_|_| |_\__, | / / / /
 =========|_|==============|___/=/_/_/_/

 :: Spring Boot ::                (v3.5.6)

2025-10-23T14:23:48.306+02:00  INFO 39168 --- [monolith] [    Test worker] c.o.a.t.m.MonolithApplicationTests       : Starting MonolithApplicationTests using Java 25 with PID 39168 (started by valen_4rjvn9e in C:\GitHub\optivem\atdd-accelerator-template-java\monolith)
2025-10-23T14:23:48.308+02:00  INFO 39168 --- [monolith] [    Test worker] c.o.a.t.m.MonolithApplicationTests       : No active profile set, falling back to 1 default profile: "default"
2025-10-23T14:23:48.976+02:00  INFO 39168 --- [monolith] [    Test worker] o.s.b.a.w.s.WelcomePageHandlerMapping    : Adding welcome page: class path resource [static/index.html]
2025-10-23T14:23:49.232+02:00  INFO 39168 --- [monolith] [    Test worker] c.o.a.t.m.MonolithApplicationTests       : Started MonolithApplicationTests in 1.141 seconds (process running for 2.218)
]]></system-out>
  <system-err><![CDATA[Mockito is currently self-attaching to enable the inline-mock-maker. This will no longer work in future releases of the JDK. Please add Mockito as an agent to your build as described in Mockito's documentation: https://javadoc.io/doc/org.mockito/mockito-core/latest/org.mockito/org/mockito/Mockito.html#0.3
WARNING: A Java agent has been loaded dynamically (C:\Users\valen_4rjvn9e\.gradle\caches\modules-2\files-2.1\net.bytebuddy\byte-buddy-agent\1.17.7\fbf3d6d649ed37fc9e9c59480a05be0a26e3c2da\byte-buddy-agent-1.17.7.jar)
WARNING: If a serviceability tool is in use, please run with -XX:+EnableDynamicAgentLoading to hide this warning
WARNING: If a serviceability tool is not in use, please run with -Djdk.instrument.traceUsage for more information
WARNING: Dynamic loading of agents will be disallowed by default in a future release
]]></system-err>
</testsuite>
